<coverage generated="1234"><project timestamp="1234">
<package name="Foo">
<file name="/app/src/Foo/Alpha.php">
<line num="10" type="stmt" count="5"/>
<line num="15" type="stmt" count="0"/>
<metrics loc="20" ncloc="15" statements="2" coveredstatements="1"/>
</file>
<file name="/app/src/Foo/Beta.php">
<line num="10" type="stmt" count="3"/>
<line num="11" type="stmt" count="7"/>
<metrics loc="20" ncloc="15" statements="2" coveredstatements="2"/>
</file>
<file name="/app/src/Foo/Gamma.php">
<line num="10" type="stmt" count="1"/>
<line num="15" type="stmt" count="0"/>
<line num="16" type="stmt" count="0"/>
<metrics loc="20" ncloc="15" statements="3" coveredstatements="1"/>
</file>
</package>
</project></coverage>